<?xml version="1.0" encoding="UTF-8"?>
<!-- Generated by org.testng.reporters.JUnitXMLReporter -->
<testsuite ignored="0" hostname="LAPTOP-M2DO8JV9" failures="0" tests="1" name="MobileTests" time="0.024" errors="0" timestamp="2024-07-25T18:37:49 IST">
  <testcase classname="glue.mobileapp.library.BaseClass" name="@BeforeSuite launchApp" time="4.798">
    <failure type="org.openqa.selenium.SessionNotCreatedException" message="Could not start a new session. Response code 500. Message: An unknown server-side error occurred while processing the command. Original error: Error executing adbExec. Original error: &amp;apos;Command &amp;apos;C:\\Users\\Ktsan\\AppData\\Local\\Android\\Sdk\\platform-tools\\adb.exe -P 5037 -s 10d5b5bc0521 shell settings delete global hidden_api_policy_pre_p_apps&amp;apos; exited with code 255&amp;apos;; Stderr: &amp;apos;Exception occurred while executing &amp;apos;delete&amp;apos;:
java.lang.SecurityException: Permission denial: writing to settings requires:android.permission.WRITE_SECURE_SETTINGS
	at com.android.providers.settings.SettingsProvider.enforceWritePermission(SettingsProvider.java:2272)
	at com.android.providers.settings.SettingsProvider.mutateGlobalSetting(SettingsProvider.java:1439)
	at com.android.providers.settings.SettingsProvider.mutateGlobalSetting(SettingsProvider.java:1431)
	at com.android.providers.settings.SettingsProvider.deleteGlobalSetting(SettingsProvider.java:1402)
	at com.android.providers.settings.SettingsProvider.call(SettingsProvider.java:523)
	at android.content.ContentProvider.call(ContentProvider.java:2486)
	at android.content.ContentProvider$Transport.call(ContentProvider.java:517)
	at com.android.providers.settings.SettingsService$MyShellCommand.deleteForUser(SettingsService.java:408)
	at com.android.providers.settings.SettingsService$MyShellCommand.onCommand(SettingsService.java:282)
	at com.android.modules.utils.BasicShellCommandHandler.exec(BasicShellCommandHandler.java:97)
	at android.os.ShellCommand.exec(ShellCommand.java:38)
	at com.android.providers.settings.SettingsService.onShellCommand(SettingsService.java:50)
	at android.os.Binder.shellCommand(Binder.java:953)
	at android.os.Binder.onTransact(Binder.java:837)
	at android.os.Binder.execTransactInternal(Binder.java:1187)
	at android.os.Binder.execTransact(Binder.java:1146)&amp;apos;; Code: &amp;apos;255&amp;apos; 
Host info: host: &amp;apos;LAPTOP-M2DO8JV9&amp;apos;, ip: &amp;apos;192.168.0.57&amp;apos;
Build info: version: &amp;apos;4.23.0&amp;apos;, revision: &amp;apos;4df0a231af&amp;apos;
System info: os.name: &amp;apos;Windows 11&amp;apos;, os.arch: &amp;apos;amd64&amp;apos;, os.version: &amp;apos;10.0&amp;apos;, java.version: &amp;apos;17.0.8.1&amp;apos;
Driver info: io.appium.java_client.android.AndroidDriver
Command: [null, newSession {desiredCapabilities=Capabilities {android.permission.WRITE_SECURE_SETTINGS: true, appActivity: com.glue.MainActivity, appPackage: com.glue, autoGrantPermissions: true, automationName: Appium, deviceName: Poco, ignoreHiddenApiPolicyError: true, newCommandTimeout: 50000, noReset: true, platformName: ANDROID, platformVersion: 12, uiautomator2ServerInstallTimeout: 60000}, capabilities=[{appium:automationName=Appium, appium:appPackage=com.glue, appium:autoGrantPermissions=true, appium:android.permission.WRITE_SECURE_SETTINGS=true, appium:appActivity=com.glue.MainActivity, platformName=ANDROID, appium:uiautomator2ServerInstallTimeout=60000, appium:deviceName=Poco, appium:noReset=true, appium:newCommandTimeout=50000, appium:platformVersion=12, appium:ignoreHiddenApiPolicyError=true}]}]
Capabilities {android.permission.WRITE_SECURE_SETTINGS: true, appActivity: com.glue.MainActivity, appPackage: com.glue, autoGrantPermissions: true, automationName: Appium, deviceName: Poco, ignoreHiddenApiPolicyError: true, newCommandTimeout: 50000, noReset: true, platformName: ANDROID, platformVersion: 12, uiautomator2ServerInstallTimeout: 60000}">
      <![CDATA[org.openqa.selenium.SessionNotCreatedException: Could not start a new session. Response code 500. Message: An unknown server-side error occurred while processing the command. Original error: Error executing adbExec. Original error: 'Command 'C:\\Users\\Ktsan\\AppData\\Local\\Android\\Sdk\\platform-tools\\adb.exe -P 5037 -s 10d5b5bc0521 shell settings delete global hidden_api_policy_pre_p_apps' exited with code 255'; Stderr: 'Exception occurred while executing 'delete':
java.lang.SecurityException: Permission denial: writing to settings requires:android.permission.WRITE_SECURE_SETTINGS
at com.android.providers.settings.SettingsProvider.enforceWritePermission(SettingsProvider.java:2272)
at com.android.providers.settings.SettingsProvider.mutateGlobalSetting(SettingsProvider.java:1439)
at com.android.providers.settings.SettingsProvider.mutateGlobalSetting(SettingsProvider.java:1431)
at com.android.providers.settings.SettingsProvider.deleteGlobalSetting(SettingsProvider.java:1402)
at com.android.providers.settings.SettingsProvider.call(SettingsProvider.java:523)
at android.content.ContentProvider.call(ContentProvider.java:2486)
at android.content.ContentProvider$Transport.call(ContentProvider.java:517)
at com.android.providers.settings.SettingsService$MyShellCommand.deleteForUser(SettingsService.java:408)
at com.android.providers.settings.SettingsService$MyShellCommand.onCommand(SettingsService.java:282)
at com.android.modules.utils.BasicShellCommandHandler.exec(BasicShellCommandHandler.java:97)
at android.os.ShellCommand.exec(ShellCommand.java:38)
at com.android.providers.settings.SettingsService.onShellCommand(SettingsService.java:50)
at android.os.Binder.shellCommand(Binder.java:953)
at android.os.Binder.onTransact(Binder.java:837)
at android.os.Binder.execTransactInternal(Binder.java:1187)
at android.os.Binder.execTransact(Binder.java:1146)'; Code: '255' 
Host info: host: 'LAPTOP-M2DO8JV9', ip: '192.168.0.57'
Build info: version: '4.23.0', revision: '4df0a231af'
System info: os.name: 'Windows 11', os.arch: 'amd64', os.version: '10.0', java.version: '17.0.8.1'
Driver info: io.appium.java_client.android.AndroidDriver
Command: [null, newSession {desiredCapabilities=Capabilities {android.permission.WRITE_SECURE_SETTINGS: true, appActivity: com.glue.MainActivity, appPackage: com.glue, autoGrantPermissions: true, automationName: Appium, deviceName: Poco, ignoreHiddenApiPolicyError: true, newCommandTimeout: 50000, noReset: true, platformName: ANDROID, platformVersion: 12, uiautomator2ServerInstallTimeout: 60000}, capabilities=[{appium:automationName=Appium, appium:appPackage=com.glue, appium:autoGrantPermissions=true, appium:android.permission.WRITE_SECURE_SETTINGS=true, appium:appActivity=com.glue.MainActivity, platformName=ANDROID, appium:uiautomator2ServerInstallTimeout=60000, appium:deviceName=Poco, appium:noReset=true, appium:newCommandTimeout=50000, appium:platformVersion=12, appium:ignoreHiddenApiPolicyError=true}]}]
Capabilities {android.permission.WRITE_SECURE_SETTINGS: true, appActivity: com.glue.MainActivity, appPackage: com.glue, autoGrantPermissions: true, automationName: Appium, deviceName: Poco, ignoreHiddenApiPolicyError: true, newCommandTimeout: 50000, noReset: true, platformName: ANDROID, platformVersion: 12, uiautomator2ServerInstallTimeout: 60000}
at org.openqa.selenium.remote.ProtocolHandshake.createSession(ProtocolHandshake.java:114)
at io.appium.java_client.remote.AppiumProtocolHandshake.createSession(AppiumProtocolHandshake.java:116)
at io.appium.java_client.remote.AppiumProtocolHandshake.createSession(AppiumProtocolHandshake.java:96)
at io.appium.java_client.remote.AppiumCommandExecutor.createSession(AppiumCommandExecutor.java:176)
at io.appium.java_client.remote.AppiumCommandExecutor.execute(AppiumCommandExecutor.java:237)
at org.openqa.selenium.remote.RemoteWebDriver.execute(RemoteWebDriver.java:527)
at io.appium.java_client.AppiumDriver.startSession(AppiumDriver.java:268)
at org.openqa.selenium.remote.RemoteWebDriver.<init>(RemoteWebDriver.java:163)
at io.appium.java_client.AppiumDriver.<init>(AppiumDriver.java:90)
at io.appium.java_client.AppiumDriver.<init>(AppiumDriver.java:102)
at io.appium.java_client.android.AndroidDriver.<init>(AndroidDriver.java:109)
at glue.mobileapp.library.BaseClass.launchApp(BaseClass.java:53)
... Removed 23 stack frames]]>
    </failure>
  </testcase> <!-- @BeforeSuite launchApp -->
  <testcase classname="glue.mobileapp.testcases.LoginTest" name="runAppium" time="0.0">
    <skipped/>
  </testcase> <!-- runAppium -->
</testsuite> <!-- MobileTests -->
